{"/Users/piotr/Remotes/maxi-medium/src/server.js":{"path":"/Users/piotr/Remotes/maxi-medium/src/server.js","s":{"1":1,"2":1,"3":1,"4":1,"5":1,"6":1,"7":1,"8":1,"9":1,"10":1,"11":1,"12":1,"13":0,"14":1,"15":1,"16":1,"17":1},"b":{"1":[1,1],"2":[0,1]},"f":{},"fnMap":{},"statementMap":{"1":{"start":{"line":1,"column":0},"end":{"line":1,"column":29}},"2":{"start":{"line":2,"column":0},"end":{"line":2,"column":33}},"3":{"start":{"line":3,"column":0},"end":{"line":3,"column":30}},"4":{"start":{"line":5,"column":0},"end":{"line":5,"column":31}},"5":{"start":{"line":6,"column":0},"end":{"line":6,"column":33}},"6":{"start":{"line":7,"column":0},"end":{"line":7,"column":53}},"7":{"start":{"line":8,"column":0},"end":{"line":8,"column":63}},"8":{"start":{"line":10,"column":0},"end":{"line":10,"column":35}},"9":{"start":{"line":11,"column":0},"end":{"line":11,"column":43}},"10":{"start":{"line":13,"column":0},"end":{"line":15,"column":3}},"11":{"start":{"line":17,"column":0},"end":{"line":31,"column":3}},"12":{"start":{"line":18,"column":2},"end":{"line":18,"column":21}},"13":{"start":{"line":18,"column":11},"end":{"line":18,"column":21}},"14":{"start":{"line":20,"column":2},"end":{"line":27,"column":5}},"15":{"start":{"line":29,"column":2},"end":{"line":29,"column":27}},"16":{"start":{"line":30,"column":2},"end":{"line":30,"column":23}},"17":{"start":{"line":33,"column":0},"end":{"line":33,"column":24}}},"branchMap":{"1":{"line":14,"type":"binary-expr","locations":[{"start":{"line":14,"column":8},"end":{"line":14,"column":24}},{"start":{"line":14,"column":28},"end":{"line":14,"column":32}}]},"2":{"line":18,"type":"if","locations":[{"start":{"line":18,"column":2},"end":{"line":18,"column":2}},{"start":{"line":18,"column":2},"end":{"line":18,"column":2}}]}}},"/Users/piotr/Remotes/maxi-medium/src/routes/index.js":{"path":"/Users/piotr/Remotes/maxi-medium/src/routes/index.js","s":{"1":1},"b":{},"f":{},"fnMap":{},"statementMap":{"1":{"start":{"line":1,"column":0},"end":{"line":13,"column":15}}},"branchMap":{}},"/Users/piotr/Remotes/maxi-medium/src/routes/home.js":{"path":"/Users/piotr/Remotes/maxi-medium/src/routes/home.js","s":{"1":1,"2":1,"3":1,"4":1,"5":0,"6":1},"b":{"1":[0,1]},"f":{},"fnMap":{},"statementMap":{"1":{"start":{"line":1,"column":0},"end":{"line":1,"column":41}},"2":{"start":{"line":3,"column":0},"end":{"line":16,"column":2}},"3":{"start":{"line":10,"column":4},"end":{"line":14,"column":7}},"4":{"start":{"line":11,"column":6},"end":{"line":11,"column":64}},"5":{"start":{"line":11,"column":19},"end":{"line":11,"column":62}},"6":{"start":{"line":13,"column":6},"end":{"line":13,"column":48}}},"branchMap":{"1":{"line":11,"type":"if","locations":[{"start":{"line":11,"column":6},"end":{"line":11,"column":6}},{"start":{"line":11,"column":6},"end":{"line":11,"column":6}}]}}},"/Users/piotr/Remotes/maxi-medium/src/database/get.js":{"path":"/Users/piotr/Remotes/maxi-medium/src/database/get.js","s":{"1":1,"2":1,"3":1,"4":1,"5":1,"6":0,"7":1,"8":1},"b":{"1":[0,1]},"f":{},"fnMap":{},"statementMap":{"1":{"start":{"line":1,"column":0},"end":{"line":1,"column":40}},"2":{"start":{"line":3,"column":0},"end":{"line":3,"column":15}},"3":{"start":{"line":5,"column":0},"end":{"line":15,"column":2}},"4":{"start":{"line":7,"column":2},"end":{"line":14,"column":5}},"5":{"start":{"line":11,"column":4},"end":{"line":11,"column":51}},"6":{"start":{"line":11,"column":15},"end":{"line":11,"column":49}},"7":{"start":{"line":13,"column":4},"end":{"line":13,"column":34}},"8":{"start":{"line":17,"column":0},"end":{"line":17,"column":21}}},"branchMap":{"1":{"line":11,"type":"if","locations":[{"start":{"line":11,"column":4},"end":{"line":11,"column":4}},{"start":{"line":11,"column":4},"end":{"line":11,"column":4}}]}}},"/Users/piotr/Remotes/maxi-medium/src/database/db_connect.js":{"path":"/Users/piotr/Remotes/maxi-medium/src/database/db_connect.js","s":{"1":1,"2":1,"3":1,"4":1,"5":1,"6":0,"7":1,"8":0,"9":1,"10":1,"11":1,"12":1,"13":1,"14":1,"15":1,"16":1},"b":{"1":[1,0],"2":[0,1],"3":[1,1],"4":[1,0],"5":[1,0],"6":[1,0]},"f":{},"fnMap":{},"statementMap":{"1":{"start":{"line":1,"column":0},"end":{"line":1,"column":31}},"2":{"start":{"line":2,"column":0},"end":{"line":2,"column":27}},"3":{"start":{"line":5,"column":0},"end":{"line":5,"column":36}},"4":{"start":{"line":7,"column":0},"end":{"line":11,"column":1}},"5":{"start":{"line":8,"column":2},"end":{"line":8,"column":35}},"6":{"start":{"line":10,"column":2},"end":{"line":10,"column":30}},"7":{"start":{"line":13,"column":0},"end":{"line":15,"column":1}},"8":{"start":{"line":14,"column":2},"end":{"line":14,"column":53}},"9":{"start":{"line":17,"column":0},"end":{"line":17,"column":51}},"10":{"start":{"line":18,"column":0},"end":{"line":18,"column":52}},"11":{"start":{"line":20,"column":0},"end":{"line":27,"column":2}},"12":{"start":{"line":29,"column":0},"end":{"line":29,"column":42}},"13":{"start":{"line":29,"column":16},"end":{"line":29,"column":40}},"14":{"start":{"line":30,"column":0},"end":{"line":30,"column":46}},"15":{"start":{"line":30,"column":16},"end":{"line":30,"column":44}},"16":{"start":{"line":32,"column":0},"end":{"line":32,"column":35}}},"branchMap":{"1":{"line":7,"type":"if","locations":[{"start":{"line":7,"column":0},"end":{"line":7,"column":0}},{"start":{"line":7,"column":0},"end":{"line":7,"column":0}}]},"2":{"line":13,"type":"if","locations":[{"start":{"line":13,"column":0},"end":{"line":13,"column":0}},{"start":{"line":13,"column":0},"end":{"line":13,"column":0}}]},"3":{"line":24,"type":"binary-expr","locations":[{"start":{"line":24,"column":7},"end":{"line":24,"column":37}},{"start":{"line":24,"column":41},"end":{"line":24,"column":43}}]},"4":{"line":26,"type":"cond-expr","locations":[{"start":{"line":26,"column":55},"end":{"line":26,"column":59}},{"start":{"line":26,"column":62},"end":{"line":26,"column":67}}]},"5":{"line":29,"type":"if","locations":[{"start":{"line":29,"column":0},"end":{"line":29,"column":0}},{"start":{"line":29,"column":0},"end":{"line":29,"column":0}}]},"6":{"line":30,"type":"if","locations":[{"start":{"line":30,"column":0},"end":{"line":30,"column":0}},{"start":{"line":30,"column":0},"end":{"line":30,"column":0}}]}}},"/Users/piotr/Remotes/maxi-medium/src/routes/public.js":{"path":"/Users/piotr/Remotes/maxi-medium/src/routes/public.js","s":{"1":1},"b":{},"f":{},"fnMap":{},"statementMap":{"1":{"start":{"line":1,"column":0},"end":{"line":12,"column":2}}},"branchMap":{}},"/Users/piotr/Remotes/maxi-medium/src/routes/login_post.js":{"path":"/Users/piotr/Remotes/maxi-medium/src/routes/login_post.js","s":{"1":1,"2":1,"3":1,"4":1,"5":0,"6":0,"7":0,"8":0,"9":0,"10":0,"11":0,"12":0,"13":0,"14":0,"15":0,"16":0},"b":{"1":[0,0],"2":[0,0],"3":[0,0]},"f":{},"fnMap":{},"statementMap":{"1":{"start":{"line":1,"column":0},"end":{"line":1,"column":33}},"2":{"start":{"line":3,"column":0},"end":{"line":3,"column":43}},"3":{"start":{"line":5,"column":0},"end":{"line":29,"column":2}},"4":{"start":{"line":12,"column":4},"end":{"line":12,"column":42}},"5":{"start":{"line":13,"column":4},"end":{"line":13,"column":42}},"6":{"start":{"line":15,"column":4},"end":{"line":27,"column":7}},"7":{"start":{"line":16,"column":6},"end":{"line":16,"column":60}},"8":{"start":{"line":16,"column":17},"end":{"line":16,"column":58}},"9":{"start":{"line":17,"column":6},"end":{"line":17,"column":34}},"10":{"start":{"line":19,"column":6},"end":{"line":25,"column":9}},"11":{"start":{"line":20,"column":8},"end":{"line":20,"column":111}},"12":{"start":{"line":20,"column":19},"end":{"line":20,"column":109}},"13":{"start":{"line":21,"column":8},"end":{"line":21,"column":95}},"14":{"start":{"line":21,"column":32},"end":{"line":21,"column":93}},"15":{"start":{"line":23,"column":8},"end":{"line":23,"column":51}},"16":{"start":{"line":24,"column":8},"end":{"line":24,"column":35}}},"branchMap":{"1":{"line":16,"type":"if","locations":[{"start":{"line":16,"column":6},"end":{"line":16,"column":6}},{"start":{"line":16,"column":6},"end":{"line":16,"column":6}}]},"2":{"line":20,"type":"if","locations":[{"start":{"line":20,"column":8},"end":{"line":20,"column":8}},{"start":{"line":20,"column":8},"end":{"line":20,"column":8}}]},"3":{"line":21,"type":"if","locations":[{"start":{"line":21,"column":8},"end":{"line":21,"column":8}},{"start":{"line":21,"column":8},"end":{"line":21,"column":8}}]}}},"/Users/piotr/Remotes/maxi-medium/src/database/auth.js":{"path":"/Users/piotr/Remotes/maxi-medium/src/database/auth.js","s":{"1":1,"2":1,"3":0,"4":0,"5":0,"6":0,"7":0,"8":1},"b":{"1":[0,0],"2":[0,0],"3":[0,0]},"f":{},"fnMap":{},"statementMap":{"1":{"start":{"line":1,"column":0},"end":{"line":1,"column":40}},"2":{"start":{"line":3,"column":0},"end":{"line":10,"column":2}},"3":{"start":{"line":4,"column":2},"end":{"line":4,"column":98}},"4":{"start":{"line":5,"column":2},"end":{"line":9,"column":5}},"5":{"start":{"line":6,"column":4},"end":{"line":6,"column":100}},"6":{"start":{"line":6,"column":32},"end":{"line":6,"column":98}},"7":{"start":{"line":8,"column":4},"end":{"line":8,"column":33}},"8":{"start":{"line":12,"column":0},"end":{"line":12,"column":22}}},"branchMap":{"1":{"line":6,"type":"if","locations":[{"start":{"line":6,"column":4},"end":{"line":6,"column":4}},{"start":{"line":6,"column":4},"end":{"line":6,"column":4}}]},"2":{"line":6,"type":"binary-expr","locations":[{"start":{"line":6,"column":8},"end":{"line":6,"column":11}},{"start":{"line":6,"column":15},"end":{"line":6,"column":28}}]},"3":{"line":6,"type":"cond-expr","locations":[{"start":{"line":6,"column":54},"end":{"line":6,"column":77}},{"start":{"line":6,"column":80},"end":{"line":6,"column":96}}]}}},"/Users/piotr/Remotes/maxi-medium/src/routes/register_post.js":{"path":"/Users/piotr/Remotes/maxi-medium/src/routes/register_post.js","s":{"1":1,"2":1,"3":1,"4":0,"5":0,"6":0,"7":0,"8":0},"b":{"1":[0,0]},"f":{},"fnMap":{},"statementMap":{"1":{"start":{"line":1,"column":0},"end":{"line":1,"column":43}},"2":{"start":{"line":3,"column":0},"end":{"line":29,"column":2}},"3":{"start":{"line":10,"column":4},"end":{"line":15,"column":6}},"4":{"start":{"line":17,"column":4},"end":{"line":26,"column":7}},"5":{"start":{"line":18,"column":6},"end":{"line":18,"column":68}},"6":{"start":{"line":18,"column":17},"end":{"line":18,"column":66}},"7":{"start":{"line":20,"column":6},"end":{"line":24,"column":9}},"8":{"start":{"line":25,"column":6},"end":{"line":25,"column":26}}},"branchMap":{"1":{"line":18,"type":"if","locations":[{"start":{"line":18,"column":6},"end":{"line":18,"column":6}},{"start":{"line":18,"column":6},"end":{"line":18,"column":6}}]}}},"/Users/piotr/Remotes/maxi-medium/src/database/post.js":{"path":"/Users/piotr/Remotes/maxi-medium/src/database/post.js","s":{"1":1,"2":1,"3":1,"4":1,"5":1,"6":1,"7":1,"8":0,"9":1,"10":1,"11":0,"12":1,"13":1,"14":1,"15":0,"16":0,"17":0,"18":1,"19":0,"20":0,"21":1,"22":1,"23":1,"24":0,"25":0,"26":1,"27":0,"28":0,"29":0,"30":0,"31":0,"32":0,"33":1,"34":0,"35":0,"36":0,"37":0,"38":0,"39":1},"b":{"1":[0,1],"2":[1,0],"3":[0,0],"4":[0,1],"5":[1,0],"6":[0,0],"7":[0,0]},"f":{},"fnMap":{},"statementMap":{"1":{"start":{"line":1,"column":0},"end":{"line":1,"column":40}},"2":{"start":{"line":2,"column":0},"end":{"line":2,"column":68}},"3":{"start":{"line":5,"column":0},"end":{"line":5,"column":16}},"4":{"start":{"line":8,"column":0},"end":{"line":21,"column":2}},"5":{"start":{"line":10,"column":2},"end":{"line":10,"column":76}},"6":{"start":{"line":11,"column":2},"end":{"line":20,"column":5}},"7":{"start":{"line":12,"column":4},"end":{"line":12,"column":62}},"8":{"start":{"line":12,"column":15},"end":{"line":12,"column":60}},"9":{"start":{"line":14,"column":4},"end":{"line":19,"column":5}},"10":{"start":{"line":15,"column":6},"end":{"line":15,"column":91}},"11":{"start":{"line":18,"column":6},"end":{"line":18,"column":59}},"12":{"start":{"line":25,"column":0},"end":{"line":48,"column":2}},"13":{"start":{"line":26,"column":2},"end":{"line":29,"column":4}},"14":{"start":{"line":31,"column":2},"end":{"line":34,"column":4}},"15":{"start":{"line":32,"column":4},"end":{"line":32,"column":84}},"16":{"start":{"line":32,"column":15},"end":{"line":32,"column":82}},"17":{"start":{"line":33,"column":4},"end":{"line":33,"column":37}},"18":{"start":{"line":37,"column":2},"end":{"line":47,"column":3}},"19":{"start":{"line":38,"column":4},"end":{"line":38,"column":79}},"20":{"start":{"line":39,"column":4},"end":{"line":39,"column":57}},"21":{"start":{"line":41,"column":4},"end":{"line":46,"column":7}},"22":{"start":{"line":42,"column":6},"end":{"line":42,"column":105}},"23":{"start":{"line":42,"column":17},"end":{"line":42,"column":103}},"24":{"start":{"line":44,"column":6},"end":{"line":44,"column":77}},"25":{"start":{"line":45,"column":6},"end":{"line":45,"column":59}},"26":{"start":{"line":51,"column":0},"end":{"line":68,"column":2}},"27":{"start":{"line":52,"column":2},"end":{"line":60,"column":4}},"28":{"start":{"line":62,"column":2},"end":{"line":62,"column":67}},"29":{"start":{"line":63,"column":2},"end":{"line":67,"column":5}},"30":{"start":{"line":64,"column":4},"end":{"line":64,"column":85}},"31":{"start":{"line":64,"column":15},"end":{"line":64,"column":83}},"32":{"start":{"line":66,"column":4},"end":{"line":66,"column":43}},"33":{"start":{"line":71,"column":0},"end":{"line":83,"column":2}},"34":{"start":{"line":72,"column":2},"end":{"line":76,"column":4}},"35":{"start":{"line":78,"column":2},"end":{"line":82,"column":5}},"36":{"start":{"line":79,"column":4},"end":{"line":79,"column":85}},"37":{"start":{"line":79,"column":15},"end":{"line":79,"column":83}},"38":{"start":{"line":81,"column":4},"end":{"line":81,"column":24}},"39":{"start":{"line":86,"column":0},"end":{"line":86,"column":22}}},"branchMap":{"1":{"line":12,"type":"if","locations":[{"start":{"line":12,"column":4},"end":{"line":12,"column":4}},{"start":{"line":12,"column":4},"end":{"line":12,"column":4}}]},"2":{"line":14,"type":"if","locations":[{"start":{"line":14,"column":4},"end":{"line":14,"column":4}},{"start":{"line":14,"column":4},"end":{"line":14,"column":4}}]},"3":{"line":32,"type":"if","locations":[{"start":{"line":32,"column":4},"end":{"line":32,"column":4}},{"start":{"line":32,"column":4},"end":{"line":32,"column":4}}]},"4":{"line":37,"type":"if","locations":[{"start":{"line":37,"column":2},"end":{"line":37,"column":2}},{"start":{"line":37,"column":2},"end":{"line":37,"column":2}}]},"5":{"line":42,"type":"if","locations":[{"start":{"line":42,"column":6},"end":{"line":42,"column":6}},{"start":{"line":42,"column":6},"end":{"line":42,"column":6}}]},"6":{"line":64,"type":"if","locations":[{"start":{"line":64,"column":4},"end":{"line":64,"column":4}},{"start":{"line":64,"column":4},"end":{"line":64,"column":4}}]},"7":{"line":79,"type":"if","locations":[{"start":{"line":79,"column":4},"end":{"line":79,"column":4}},{"start":{"line":79,"column":4},"end":{"line":79,"column":4}}]}}},"/Users/piotr/Remotes/maxi-medium/src/helper_functions/hash_password.js":{"path":"/Users/piotr/Remotes/maxi-medium/src/helper_functions/hash_password.js","s":{"1":1,"2":1,"3":1},"b":{},"f":{},"fnMap":{},"statementMap":{"1":{"start":{"line":1,"column":0},"end":{"line":1,"column":33}},"2":{"start":{"line":3,"column":0},"end":{"line":5,"column":2}},"3":{"start":{"line":4,"column":2},"end":{"line":4,"column":43}}},"branchMap":{}},"/Users/piotr/Remotes/maxi-medium/src/routes/logout.js":{"path":"/Users/piotr/Remotes/maxi-medium/src/routes/logout.js","s":{"1":1,"2":0,"3":0},"b":{},"f":{},"fnMap":{},"statementMap":{"1":{"start":{"line":1,"column":0},"end":{"line":8,"column":2}},"2":{"start":{"line":5,"column":4},"end":{"line":5,"column":27}},"3":{"start":{"line":6,"column":4},"end":{"line":6,"column":24}}},"branchMap":{}},"/Users/piotr/Remotes/maxi-medium/src/routes/write_a_story.js":{"path":"/Users/piotr/Remotes/maxi-medium/src/routes/write_a_story.js","s":{"1":1,"2":0},"b":{},"f":{},"fnMap":{},"statementMap":{"1":{"start":{"line":1,"column":0},"end":{"line":7,"column":2}},"2":{"start":{"line":5,"column":4},"end":{"line":5,"column":32}}},"branchMap":{}},"/Users/piotr/Remotes/maxi-medium/src/routes/write_a_story_post.js":{"path":"/Users/piotr/Remotes/maxi-medium/src/routes/write_a_story_post.js","s":{"1":1,"2":1,"3":1,"4":0,"5":0,"6":0,"7":0,"8":0,"9":0,"10":0},"b":{"1":[0,0]},"f":{},"fnMap":{},"statementMap":{"1":{"start":{"line":1,"column":0},"end":{"line":1,"column":43}},"2":{"start":{"line":2,"column":0},"end":{"line":2,"column":33}},"3":{"start":{"line":4,"column":0},"end":{"line":26,"column":2}},"4":{"start":{"line":9,"column":4},"end":{"line":12,"column":7}},"5":{"start":{"line":14,"column":4},"end":{"line":23,"column":7}},"6":{"start":{"line":15,"column":6},"end":{"line":15,"column":37}},"7":{"start":{"line":17,"column":6},"end":{"line":22,"column":9}},"8":{"start":{"line":18,"column":8},"end":{"line":20,"column":9}},"9":{"start":{"line":19,"column":10},"end":{"line":19,"column":61}},"10":{"start":{"line":21,"column":8},"end":{"line":21,"column":28}}},"branchMap":{"1":{"line":18,"type":"if","locations":[{"start":{"line":18,"column":8},"end":{"line":18,"column":8}},{"start":{"line":18,"column":8},"end":{"line":18,"column":8}}]}}},"/Users/piotr/Remotes/maxi-medium/src/routes/write_a_story_prev_post.js":{"path":"/Users/piotr/Remotes/maxi-medium/src/routes/write_a_story_prev_post.js","s":{"1":1,"2":1,"3":0,"4":0,"5":0},"b":{},"f":{},"fnMap":{},"statementMap":{"1":{"start":{"line":1,"column":0},"end":{"line":1,"column":33}},"2":{"start":{"line":3,"column":0},"end":{"line":13,"column":2}},"3":{"start":{"line":7,"column":4},"end":{"line":11,"column":7}},"4":{"start":{"line":8,"column":6},"end":{"line":8,"column":39}},"5":{"start":{"line":10,"column":6},"end":{"line":10,"column":25}}},"branchMap":{}},"/Users/piotr/Remotes/maxi-medium/src/routes/github_login.js":{"path":"/Users/piotr/Remotes/maxi-medium/src/routes/github_login.js","s":{"1":1,"2":1,"3":1,"4":1,"5":1,"6":1},"b":{},"f":{},"fnMap":{},"statementMap":{"1":{"start":{"line":1,"column":0},"end":{"line":1,"column":34}},"2":{"start":{"line":3,"column":0},"end":{"line":21,"column":2}},"3":{"start":{"line":11,"column":4},"end":{"line":13,"column":6}},"4":{"start":{"line":15,"column":4},"end":{"line":15,"column":44}},"5":{"start":{"line":16,"column":4},"end":{"line":16,"column":60}},"6":{"start":{"line":18,"column":4},"end":{"line":18,"column":32}}},"branchMap":{}},"/Users/piotr/Remotes/maxi-medium/src/routes/github_auth.js":{"path":"/Users/piotr/Remotes/maxi-medium/src/routes/github_auth.js","s":{"1":1,"2":1,"3":1,"4":1,"5":1,"6":1,"7":1,"8":1,"9":1,"10":0,"11":1,"12":1,"13":1,"14":1,"15":0,"16":1,"17":1,"18":1,"19":1,"20":0,"21":1,"22":1,"23":0,"24":0,"25":0,"26":0,"27":0,"28":0,"29":1,"30":1,"31":1,"32":1,"33":1},"b":{"1":[0,1],"2":[0,1],"3":[0,1],"4":[0,1],"5":[0,0],"6":[0,0],"7":[1,0]},"f":{},"fnMap":{},"statementMap":{"1":{"start":{"line":1,"column":0},"end":{"line":1,"column":35}},"2":{"start":{"line":2,"column":0},"end":{"line":2,"column":34}},"3":{"start":{"line":4,"column":0},"end":{"line":4,"column":43}},"4":{"start":{"line":5,"column":0},"end":{"line":5,"column":56}},"5":{"start":{"line":8,"column":0},"end":{"line":89,"column":2}},"6":{"start":{"line":17,"column":4},"end":{"line":21,"column":6}},"7":{"start":{"line":23,"column":4},"end":{"line":23,"column":113}},"8":{"start":{"line":25,"column":4},"end":{"line":87,"column":7}},"9":{"start":{"line":26,"column":6},"end":{"line":26,"column":43}},"10":{"start":{"line":26,"column":17},"end":{"line":26,"column":41}},"11":{"start":{"line":30,"column":6},"end":{"line":30,"column":67}},"12":{"start":{"line":32,"column":6},"end":{"line":38,"column":8}},"13":{"start":{"line":40,"column":6},"end":{"line":85,"column":9}},"14":{"start":{"line":41,"column":8},"end":{"line":41,"column":45}},"15":{"start":{"line":41,"column":19},"end":{"line":41,"column":43}},"16":{"start":{"line":43,"column":8},"end":{"line":43,"column":56}},"17":{"start":{"line":46,"column":8},"end":{"line":51,"column":10}},"18":{"start":{"line":55,"column":8},"end":{"line":84,"column":11}},"19":{"start":{"line":56,"column":10},"end":{"line":56,"column":47}},"20":{"start":{"line":56,"column":21},"end":{"line":56,"column":45}},"21":{"start":{"line":57,"column":10},"end":{"line":57,"column":33}},"22":{"start":{"line":59,"column":10},"end":{"line":76,"column":11}},"23":{"start":{"line":60,"column":12},"end":{"line":62,"column":15}},"24":{"start":{"line":61,"column":14},"end":{"line":61,"column":46}},"25":{"start":{"line":66,"column":12},"end":{"line":70,"column":13}},"26":{"start":{"line":67,"column":14},"end":{"line":69,"column":17}},"27":{"start":{"line":68,"column":16},"end":{"line":68,"column":53}},"28":{"start":{"line":68,"column":27},"end":{"line":68,"column":51}},"29":{"start":{"line":73,"column":12},"end":{"line":75,"column":15}},"30":{"start":{"line":74,"column":14},"end":{"line":74,"column":51}},"31":{"start":{"line":74,"column":25},"end":{"line":74,"column":49}},"32":{"start":{"line":82,"column":10},"end":{"line":82,"column":87}},"33":{"start":{"line":83,"column":10},"end":{"line":83,"column":30}}},"branchMap":{"1":{"line":26,"type":"if","locations":[{"start":{"line":26,"column":6},"end":{"line":26,"column":6}},{"start":{"line":26,"column":6},"end":{"line":26,"column":6}}]},"2":{"line":41,"type":"if","locations":[{"start":{"line":41,"column":8},"end":{"line":41,"column":8}},{"start":{"line":41,"column":8},"end":{"line":41,"column":8}}]},"3":{"line":56,"type":"if","locations":[{"start":{"line":56,"column":10},"end":{"line":56,"column":10}},{"start":{"line":56,"column":10},"end":{"line":56,"column":10}}]},"4":{"line":59,"type":"if","locations":[{"start":{"line":59,"column":10},"end":{"line":59,"column":10}},{"start":{"line":59,"column":10},"end":{"line":59,"column":10}}]},"5":{"line":66,"type":"if","locations":[{"start":{"line":66,"column":12},"end":{"line":66,"column":12}},{"start":{"line":66,"column":12},"end":{"line":66,"column":12}}]},"6":{"line":68,"type":"if","locations":[{"start":{"line":68,"column":16},"end":{"line":68,"column":16}},{"start":{"line":68,"column":16},"end":{"line":68,"column":16}}]},"7":{"line":74,"type":"if","locations":[{"start":{"line":74,"column":14},"end":{"line":74,"column":14}},{"start":{"line":74,"column":14},"end":{"line":74,"column":14}}]}}},"/Users/piotr/Remotes/maxi-medium/src/database/github_auth.js":{"path":"/Users/piotr/Remotes/maxi-medium/src/database/github_auth.js","s":{"1":1,"2":1,"3":1,"4":1,"5":1,"6":0,"7":1,"8":1},"b":{"1":[0,1]},"f":{},"fnMap":{},"statementMap":{"1":{"start":{"line":1,"column":0},"end":{"line":1,"column":40}},"2":{"start":{"line":3,"column":0},"end":{"line":11,"column":2}},"3":{"start":{"line":4,"column":2},"end":{"line":6,"column":38}},"4":{"start":{"line":7,"column":2},"end":{"line":10,"column":5}},"5":{"start":{"line":8,"column":4},"end":{"line":8,"column":69}},"6":{"start":{"line":8,"column":15},"end":{"line":8,"column":67}},"7":{"start":{"line":9,"column":4},"end":{"line":9,"column":33}},"8":{"start":{"line":13,"column":0},"end":{"line":13,"column":22}}},"branchMap":{"1":{"line":8,"type":"if","locations":[{"start":{"line":8,"column":4},"end":{"line":8,"column":4}},{"start":{"line":8,"column":4},"end":{"line":8,"column":4}}]}}},"/Users/piotr/Remotes/maxi-medium/src/handlebars.js":{"path":"/Users/piotr/Remotes/maxi-medium/src/handlebars.js","s":{"1":1,"2":1},"b":{},"f":{},"fnMap":{},"statementMap":{"1":{"start":{"line":1,"column":0},"end":{"line":1,"column":41}},"2":{"start":{"line":3,"column":0},"end":{"line":13,"column":2}}},"branchMap":{}},"/Users/piotr/Remotes/maxi-medium/src/views/helpers/format_date.js":{"path":"/Users/piotr/Remotes/maxi-medium/src/views/helpers/format_date.js","s":{"1":1,"2":1,"3":5,"4":5},"b":{},"f":{"1":5},"fnMap":{"1":{"name":"(anonymous_1)","line":4,"loc":{"start":{"line":4,"column":40},"end":{"line":4,"column":55}}}},"statementMap":{"1":{"start":{"line":1,"column":0},"end":{"line":1,"column":41}},"2":{"start":{"line":4,"column":0},"end":{"line":7,"column":3}},"3":{"start":{"line":5,"column":2},"end":{"line":5,"column":74}},"4":{"start":{"line":6,"column":2},"end":{"line":6,"column":66}}},"branchMap":{}},"/Users/piotr/Remotes/maxi-medium/src/views/helpers/shorten_body.js":{"path":"/Users/piotr/Remotes/maxi-medium/src/views/helpers/shorten_body.js","s":{"1":1,"2":1,"3":0},"b":{},"f":{"1":0},"fnMap":{"1":{"name":"(anonymous_1)","line":3,"loc":{"start":{"line":3,"column":41},"end":{"line":3,"column":56}}}},"statementMap":{"1":{"start":{"line":1,"column":0},"end":{"line":1,"column":41}},"2":{"start":{"line":3,"column":0},"end":{"line":5,"column":3}},"3":{"start":{"line":4,"column":2},"end":{"line":4,"column":35}}},"branchMap":{}}}