TN:
SF:/Users/piotr/Remotes/maxi-medium/src/server.js
FNF:0
FNH:0
DA:1,1
DA:2,1
DA:3,1
DA:5,1
DA:6,1
DA:7,1
DA:8,1
DA:10,1
DA:11,1
DA:13,1
DA:17,1
DA:18,1
DA:20,1
DA:29,1
DA:30,1
DA:33,1
LF:16
LH:16
BRDA:14,1,0,1
BRDA:14,1,1,1
BRDA:18,2,0,0
BRDA:18,2,1,1
BRF:4
BRH:3
end_of_record
TN:
SF:/Users/piotr/Remotes/maxi-medium/src/routes/index.js
FNF:0
FNH:0
DA:1,1
LF:1
LH:1
BRF:0
BRH:0
end_of_record
TN:
SF:/Users/piotr/Remotes/maxi-medium/src/routes/home.js
FNF:0
FNH:0
DA:1,1
DA:3,1
DA:10,1
DA:11,1
DA:13,1
LF:5
LH:5
BRDA:11,1,0,0
BRDA:11,1,1,1
BRF:2
BRH:1
end_of_record
TN:
SF:/Users/piotr/Remotes/maxi-medium/src/database/get.js
FNF:0
FNH:0
DA:1,1
DA:3,1
DA:5,1
DA:7,1
DA:11,1
DA:13,1
DA:17,1
LF:7
LH:7
BRDA:11,1,0,0
BRDA:11,1,1,1
BRF:2
BRH:1
end_of_record
TN:
SF:/Users/piotr/Remotes/maxi-medium/src/database/db_connect.js
FNF:0
FNH:0
DA:1,1
DA:2,1
DA:5,1
DA:7,1
DA:8,1
DA:10,0
DA:13,1
DA:14,0
DA:17,1
DA:18,1
DA:20,1
DA:29,1
DA:30,1
DA:32,1
LF:14
LH:12
BRDA:7,1,0,1
BRDA:7,1,1,0
BRDA:13,2,0,0
BRDA:13,2,1,1
BRDA:24,3,0,1
BRDA:24,3,1,1
BRDA:26,4,0,1
BRDA:26,4,1,0
BRDA:29,5,0,1
BRDA:29,5,1,0
BRDA:30,6,0,1
BRDA:30,6,1,0
BRF:12
BRH:7
end_of_record
TN:
SF:/Users/piotr/Remotes/maxi-medium/src/routes/public.js
FNF:0
FNH:0
DA:1,1
LF:1
LH:1
BRF:0
BRH:0
end_of_record
TN:
SF:/Users/piotr/Remotes/maxi-medium/src/routes/login_post.js
FNF:0
FNH:0
DA:1,1
DA:3,1
DA:5,1
DA:12,1
DA:13,0
DA:15,0
DA:16,0
DA:17,0
DA:19,0
DA:20,0
DA:21,0
DA:23,0
DA:24,0
LF:13
LH:4
BRDA:16,1,0,0
BRDA:16,1,1,0
BRDA:20,2,0,0
BRDA:20,2,1,0
BRDA:21,3,0,0
BRDA:21,3,1,0
BRF:6
BRH:0
end_of_record
TN:
SF:/Users/piotr/Remotes/maxi-medium/src/database/auth.js
FNF:0
FNH:0
DA:1,1
DA:3,1
DA:4,0
DA:5,0
DA:6,0
DA:8,0
DA:12,1
LF:7
LH:3
BRDA:6,1,0,0
BRDA:6,1,1,0
BRDA:6,2,0,0
BRDA:6,2,1,0
BRDA:6,3,0,0
BRDA:6,3,1,0
BRF:6
BRH:0
end_of_record
TN:
SF:/Users/piotr/Remotes/maxi-medium/src/routes/register_post.js
FNF:0
FNH:0
DA:1,1
DA:3,1
DA:10,1
DA:17,0
DA:18,0
DA:20,0
DA:25,0
LF:7
LH:3
BRDA:18,1,0,0
BRDA:18,1,1,0
BRF:2
BRH:0
end_of_record
TN:
SF:/Users/piotr/Remotes/maxi-medium/src/database/post.js
FNF:0
FNH:0
DA:1,1
DA:2,1
DA:5,1
DA:8,1
DA:10,1
DA:11,1
DA:12,1
DA:14,1
DA:15,1
DA:18,0
DA:25,1
DA:26,1
DA:31,1
DA:32,0
DA:33,0
DA:37,1
DA:38,0
DA:39,0
DA:41,1
DA:42,1
DA:44,0
DA:45,0
DA:51,1
DA:52,0
DA:62,0
DA:63,0
DA:64,0
DA:66,0
DA:71,1
DA:72,0
DA:78,0
DA:79,0
DA:81,0
DA:86,1
LF:34
LH:18
BRDA:12,1,0,0
BRDA:12,1,1,1
BRDA:14,2,0,1
BRDA:14,2,1,0
BRDA:32,3,0,0
BRDA:32,3,1,0
BRDA:37,4,0,0
BRDA:37,4,1,1
BRDA:42,5,0,1
BRDA:42,5,1,0
BRDA:64,6,0,0
BRDA:64,6,1,0
BRDA:79,7,0,0
BRDA:79,7,1,0
BRF:14
BRH:4
end_of_record
TN:
SF:/Users/piotr/Remotes/maxi-medium/src/helper_functions/hash_password.js
FNF:0
FNH:0
DA:1,1
DA:3,1
DA:4,1
LF:3
LH:3
BRF:0
BRH:0
end_of_record
TN:
SF:/Users/piotr/Remotes/maxi-medium/src/routes/logout.js
FNF:0
FNH:0
DA:1,1
DA:5,0
DA:6,0
LF:3
LH:1
BRF:0
BRH:0
end_of_record
TN:
SF:/Users/piotr/Remotes/maxi-medium/src/routes/write_a_story.js
FNF:0
FNH:0
DA:1,1
DA:5,0
LF:2
LH:1
BRF:0
BRH:0
end_of_record
TN:
SF:/Users/piotr/Remotes/maxi-medium/src/routes/write_a_story_post.js
FNF:0
FNH:0
DA:1,1
DA:2,1
DA:4,1
DA:9,0
DA:14,0
DA:15,0
DA:17,0
DA:18,0
DA:19,0
DA:21,0
LF:10
LH:3
BRDA:18,1,0,0
BRDA:18,1,1,0
BRF:2
BRH:0
end_of_record
TN:
SF:/Users/piotr/Remotes/maxi-medium/src/routes/write_a_story_prev_post.js
FNF:0
FNH:0
DA:1,1
DA:3,1
DA:7,0
DA:8,0
DA:10,0
LF:5
LH:2
BRF:0
BRH:0
end_of_record
TN:
SF:/Users/piotr/Remotes/maxi-medium/src/routes/github_login.js
FNF:0
FNH:0
DA:1,1
DA:3,1
DA:11,1
DA:15,1
DA:16,1
DA:18,1
LF:6
LH:6
BRF:0
BRH:0
end_of_record
TN:
SF:/Users/piotr/Remotes/maxi-medium/src/routes/github_auth.js
FNF:0
FNH:0
DA:1,1
DA:2,1
DA:4,1
DA:5,1
DA:8,1
DA:17,1
DA:23,1
DA:25,1
DA:26,1
DA:30,1
DA:32,1
DA:40,1
DA:41,1
DA:43,1
DA:46,1
DA:55,1
DA:56,1
DA:57,1
DA:59,1
DA:60,0
DA:61,0
DA:66,0
DA:67,0
DA:68,0
DA:73,1
DA:74,1
DA:82,1
DA:83,1
LF:28
LH:23
BRDA:26,1,0,0
BRDA:26,1,1,1
BRDA:41,2,0,0
BRDA:41,2,1,1
BRDA:56,3,0,0
BRDA:56,3,1,1
BRDA:59,4,0,0
BRDA:59,4,1,1
BRDA:66,5,0,0
BRDA:66,5,1,0
BRDA:68,6,0,0
BRDA:68,6,1,0
BRDA:74,7,0,1
BRDA:74,7,1,0
BRF:14
BRH:5
end_of_record
TN:
SF:/Users/piotr/Remotes/maxi-medium/src/database/github_auth.js
FNF:0
FNH:0
DA:1,1
DA:3,1
DA:4,1
DA:7,1
DA:8,1
DA:9,1
DA:13,1
LF:7
LH:7
BRDA:8,1,0,0
BRDA:8,1,1,1
BRF:2
BRH:1
end_of_record
TN:
SF:/Users/piotr/Remotes/maxi-medium/src/handlebars.js
FNF:0
FNH:0
DA:1,1
DA:3,1
LF:2
LH:2
BRF:0
BRH:0
end_of_record
TN:
SF:/Users/piotr/Remotes/maxi-medium/src/views/helpers/format_date.js
FN:4,(anonymous_1)
FNF:1
FNH:1
FNDA:5,(anonymous_1)
DA:1,1
DA:4,1
DA:5,5
DA:6,5
LF:4
LH:4
BRF:0
BRH:0
end_of_record
TN:
SF:/Users/piotr/Remotes/maxi-medium/src/views/helpers/shorten_body.js
FN:3,(anonymous_1)
FNF:1
FNH:0
FNDA:0,(anonymous_1)
DA:1,1
DA:3,1
DA:4,0
LF:3
LH:2
BRF:0
BRH:0
end_of_record
